<?xml version="1.0" encoding="UTF-8"?>
<testsuite xmlns:xsi="http://www.w3.org/2001/XMLSchema-instance" xsi:noNamespaceSchemaLocation="https://maven.apache.org/surefire/maven-surefire-plugin/xsd/surefire-test-report.xsd" name="com.bagley.AppTest" time="0.021" tests="1" errors="0" skipped="0" failures="0">
  <properties>
    <property name="java.specification.version" value="23"/>
    <property name="sun.cpu.isalist" value="amd64"/>
    <property name="sun.jnu.encoding" value="Cp1252"/>
    <property name="java.class.path" value="D:\BagleyAI\target\test-classes;D:\BagleyAI\target\classes;C:\Users\Cauã\.m2\repository\org\springframework\boot\spring-boot-starter-web\2.7.10\spring-boot-starter-web-2.7.10.jar;C:\Users\Cauã\.m2\repository\org\springframework\boot\spring-boot-starter\2.7.10\spring-boot-starter-2.7.10.jar;C:\Users\Cauã\.m2\repository\org\springframework\boot\spring-boot\2.7.10\spring-boot-2.7.10.jar;C:\Users\Cauã\.m2\repository\org\springframework\boot\spring-boot-autoconfigure\2.7.10\spring-boot-autoconfigure-2.7.10.jar;C:\Users\Cauã\.m2\repository\org\springframework\boot\spring-boot-starter-logging\2.7.10\spring-boot-starter-logging-2.7.10.jar;C:\Users\Cauã\.m2\repository\ch\qos\logback\logback-classic\1.2.11\logback-classic-1.2.11.jar;C:\Users\Cauã\.m2\repository\ch\qos\logback\logback-core\1.2.11\logback-core-1.2.11.jar;C:\Users\Cauã\.m2\repository\org\apache\logging\log4j\log4j-to-slf4j\2.17.2\log4j-to-slf4j-2.17.2.jar;C:\Users\Cauã\.m2\repository\org\slf4j\jul-to-slf4j\1.7.36\jul-to-slf4j-1.7.36.jar;C:\Users\Cauã\.m2\repository\jakarta\annotation\jakarta.annotation-api\1.3.5\jakarta.annotation-api-1.3.5.jar;C:\Users\Cauã\.m2\repository\org\springframework\spring-core\5.3.26\spring-core-5.3.26.jar;C:\Users\Cauã\.m2\repository\org\springframework\spring-jcl\5.3.26\spring-jcl-5.3.26.jar;C:\Users\Cauã\.m2\repository\org\yaml\snakeyaml\1.30\snakeyaml-1.30.jar;C:\Users\Cauã\.m2\repository\org\springframework\boot\spring-boot-starter-json\2.7.10\spring-boot-starter-json-2.7.10.jar;C:\Users\Cauã\.m2\repository\com\fasterxml\jackson\core\jackson-databind\2.13.5\jackson-databind-2.13.5.jar;C:\Users\Cauã\.m2\repository\com\fasterxml\jackson\core\jackson-annotations\2.13.5\jackson-annotations-2.13.5.jar;C:\Users\Cauã\.m2\repository\com\fasterxml\jackson\core\jackson-core\2.13.5\jackson-core-2.13.5.jar;C:\Users\Cauã\.m2\repository\com\fasterxml\jackson\datatype\jackson-datatype-jdk8\2.13.5\jackson-datatype-jdk8-2.13.5.jar;C:\Users\Cauã\.m2\repository\com\fasterxml\jackson\datatype\jackson-datatype-jsr310\2.13.5\jackson-datatype-jsr310-2.13.5.jar;C:\Users\Cauã\.m2\repository\com\fasterxml\jackson\module\jackson-module-parameter-names\2.13.5\jackson-module-parameter-names-2.13.5.jar;C:\Users\Cauã\.m2\repository\org\springframework\boot\spring-boot-starter-tomcat\2.7.10\spring-boot-starter-tomcat-2.7.10.jar;C:\Users\Cauã\.m2\repository\org\apache\tomcat\embed\tomcat-embed-core\9.0.73\tomcat-embed-core-9.0.73.jar;C:\Users\Cauã\.m2\repository\org\apache\tomcat\embed\tomcat-embed-el\9.0.73\tomcat-embed-el-9.0.73.jar;C:\Users\Cauã\.m2\repository\org\apache\tomcat\embed\tomcat-embed-websocket\9.0.73\tomcat-embed-websocket-9.0.73.jar;C:\Users\Cauã\.m2\repository\org\springframework\spring-web\5.3.26\spring-web-5.3.26.jar;C:\Users\Cauã\.m2\repository\org\springframework\spring-beans\5.3.26\spring-beans-5.3.26.jar;C:\Users\Cauã\.m2\repository\org\springframework\spring-webmvc\5.3.26\spring-webmvc-5.3.26.jar;C:\Users\Cauã\.m2\repository\org\springframework\spring-aop\5.3.26\spring-aop-5.3.26.jar;C:\Users\Cauã\.m2\repository\org\springframework\spring-context\5.3.26\spring-context-5.3.26.jar;C:\Users\Cauã\.m2\repository\org\springframework\spring-expression\5.3.26\spring-expression-5.3.26.jar;C:\Users\Cauã\.m2\repository\org\apache\opennlp\opennlp-tools\1.9.4\opennlp-tools-1.9.4.jar;C:\Users\Cauã\.m2\repository\org\json\json\20210307\json-20210307.jar;C:\Users\Cauã\.m2\repository\org\apache\logging\log4j\log4j-api\2.20.0\log4j-api-2.20.0.jar;C:\Users\Cauã\.m2\repository\org\apache\logging\log4j\log4j-core\2.20.0\log4j-core-2.20.0.jar;C:\Users\Cauã\.m2\repository\jakarta\mail\jakarta.mail-api\2.0.0\jakarta.mail-api-2.0.0.jar;C:\Users\Cauã\.m2\repository\org\apache\httpcomponents\client5\httpclient5\5.2\httpclient5-5.2.jar;C:\Users\Cauã\.m2\repository\org\apache\httpcomponents\core5\httpcore5\5.1.5\httpcore5-5.1.5.jar;C:\Users\Cauã\.m2\repository\org\apache\httpcomponents\core5\httpcore5-h2\5.1.5\httpcore5-h2-5.1.5.jar;C:\Users\Cauã\.m2\repository\org\slf4j\slf4j-api\1.7.36\slf4j-api-1.7.36.jar;C:\Users\Cauã\.m2\repository\com\google\cloud\google-cloud-texttospeech\2.1.2\google-cloud-texttospeech-2.1.2.jar;C:\Users\Cauã\.m2\repository\io\grpc\grpc-api\1.44.0\grpc-api-1.44.0.jar;C:\Users\Cauã\.m2\repository\io\grpc\grpc-context\1.44.0\grpc-context-1.44.0.jar;C:\Users\Cauã\.m2\repository\com\google\code\findbugs\jsr305\3.0.2\jsr305-3.0.2.jar;C:\Users\Cauã\.m2\repository\io\grpc\grpc-stub\1.44.0\grpc-stub-1.44.0.jar;C:\Users\Cauã\.m2\repository\io\grpc\grpc-protobuf\1.44.0\grpc-protobuf-1.44.0.jar;C:\Users\Cauã\.m2\repository\io\grpc\grpc-protobuf-lite\1.44.0\grpc-protobuf-lite-1.44.0.jar;C:\Users\Cauã\.m2\repository\com\google\api\api-common\2.1.3\api-common-2.1.3.jar;C:\Users\Cauã\.m2\repository\javax\annotation\javax.annotation-api\1.3.2\javax.annotation-api-1.3.2.jar;C:\Users\Cauã\.m2\repository\com\google\auto\value\auto-value-annotations\1.9\auto-value-annotations-1.9.jar;C:\Users\Cauã\.m2\repository\com\google\protobuf\protobuf-java\3.19.3\protobuf-java-3.19.3.jar;C:\Users\Cauã\.m2\repository\com\google\api\grpc\proto-google-common-protos\2.7.2\proto-google-common-protos-2.7.2.jar;C:\Users\Cauã\.m2\repository\com\google\api\grpc\proto-google-cloud-texttospeech-v1\2.1.2\proto-google-cloud-texttospeech-v1-2.1.2.jar;C:\Users\Cauã\.m2\repository\com\google\api\grpc\proto-google-cloud-texttospeech-v1beta1\0.90.2\proto-google-cloud-texttospeech-v1beta1-0.90.2.jar;C:\Users\Cauã\.m2\repository\com\google\guava\guava\31.0.1-jre\guava-31.0.1-jre.jar;C:\Users\Cauã\.m2\repository\com\google\guava\failureaccess\1.0.1\failureaccess-1.0.1.jar;C:\Users\Cauã\.m2\repository\com\google\guava\listenablefuture\9999.0-empty-to-avoid-conflict-with-guava\listenablefuture-9999.0-empty-to-avoid-conflict-with-guava.jar;C:\Users\Cauã\.m2\repository\org\checkerframework\checker-qual\3.21.1\checker-qual-3.21.1.jar;C:\Users\Cauã\.m2\repository\com\google\errorprone\error_prone_annotations\2.11.0\error_prone_annotations-2.11.0.jar;C:\Users\Cauã\.m2\repository\com\google\j2objc\j2objc-annotations\1.3\j2objc-annotations-1.3.jar;C:\Users\Cauã\.m2\repository\com\google\api\gax\2.11.0\gax-2.11.0.jar;C:\Users\Cauã\.m2\repository\com\google\auth\google-auth-library-credentials\1.4.0\google-auth-library-credentials-1.4.0.jar;C:\Users\Cauã\.m2\repository\com\google\auth\google-auth-library-oauth2-http\1.4.0\google-auth-library-oauth2-http-1.4.0.jar;C:\Users\Cauã\.m2\repository\com\google\http-client\google-http-client\1.41.2\google-http-client-1.41.2.jar;C:\Users\Cauã\.m2\repository\org\apache\httpcomponents\httpclient\4.5.14\httpclient-4.5.14.jar;C:\Users\Cauã\.m2\repository\commons-logging\commons-logging\1.2\commons-logging-1.2.jar;C:\Users\Cauã\.m2\repository\commons-codec\commons-codec\1.15\commons-codec-1.15.jar;C:\Users\Cauã\.m2\repository\org\apache\httpcomponents\httpcore\4.4.16\httpcore-4.4.16.jar;C:\Users\Cauã\.m2\repository\io\opencensus\opencensus-contrib-http-util\0.31.0\opencensus-contrib-http-util-0.31.0.jar;C:\Users\Cauã\.m2\repository\com\google\http-client\google-http-client-gson\1.41.2\google-http-client-gson-1.41.2.jar;C:\Users\Cauã\.m2\repository\io\opencensus\opencensus-api\0.31.0\opencensus-api-0.31.0.jar;C:\Users\Cauã\.m2\repository\com\google\api\gax-grpc\2.11.0\gax-grpc-2.11.0.jar;C:\Users\Cauã\.m2\repository\io\grpc\grpc-alts\1.44.0\grpc-alts-1.44.0.jar;C:\Users\Cauã\.m2\repository\io\grpc\grpc-grpclb\1.44.0\grpc-grpclb-1.44.0.jar;C:\Users\Cauã\.m2\repository\org\conscrypt\conscrypt-openjdk-uber\2.5.1\conscrypt-openjdk-uber-2.5.1.jar;C:\Users\Cauã\.m2\repository\io\grpc\grpc-auth\1.44.0\grpc-auth-1.44.0.jar;C:\Users\Cauã\.m2\repository\io\grpc\grpc-netty-shaded\1.44.0\grpc-netty-shaded-1.44.0.jar;C:\Users\Cauã\.m2\repository\io\perfmark\perfmark-api\0.23.0\perfmark-api-0.23.0.jar;C:\Users\Cauã\.m2\repository\io\grpc\grpc-core\1.44.0\grpc-core-1.44.0.jar;C:\Users\Cauã\.m2\repository\com\google\android\annotations\4.1.1.4\annotations-4.1.1.4.jar;C:\Users\Cauã\.m2\repository\org\codehaus\mojo\animal-sniffer-annotations\1.20\animal-sniffer-annotations-1.20.jar;C:\Users\Cauã\.m2\repository\io\grpc\grpc-xds\1.44.0\grpc-xds-1.44.0.jar;C:\Users\Cauã\.m2\repository\io\grpc\grpc-services\1.44.0\grpc-services-1.44.0.jar;C:\Users\Cauã\.m2\repository\com\google\code\gson\gson\2.9.1\gson-2.9.1.jar;C:\Users\Cauã\.m2\repository\com\google\re2j\re2j\1.5\re2j-1.5.jar;C:\Users\Cauã\.m2\repository\org\bouncycastle\bcpkix-jdk15on\1.67\bcpkix-jdk15on-1.67.jar;C:\Users\Cauã\.m2\repository\org\bouncycastle\bcprov-jdk15on\1.67\bcprov-jdk15on-1.67.jar;C:\Users\Cauã\.m2\repository\io\opencensus\opencensus-proto\0.2.0\opencensus-proto-0.2.0.jar;C:\Users\Cauã\.m2\repository\com\google\protobuf\protobuf-java-util\3.19.3\protobuf-java-util-3.19.3.jar;C:\Users\Cauã\.m2\repository\org\threeten\threetenbp\1.5.2\threetenbp-1.5.2.jar;C:\Users\Cauã\.m2\repository\junit\junit\4.13.2\junit-4.13.2.jar;C:\Users\Cauã\.m2\repository\org\hamcrest\hamcrest-core\2.2\hamcrest-core-2.2.jar;C:\Users\Cauã\.m2\repository\org\hamcrest\hamcrest\2.2\hamcrest-2.2.jar;"/>
    <property name="java.vm.vendor" value="Oracle Corporation"/>
    <property name="sun.arch.data.model" value="64"/>
    <property name="user.variant" value=""/>
    <property name="java.vendor.url" value="https://java.oracle.com/"/>
    <property name="user.timezone" value="America/Sao_Paulo"/>
    <property name="user.country.format" value="US"/>
    <property name="os.name" value="Windows 10"/>
    <property name="java.vm.specification.version" value="23"/>
    <property name="sun.java.launcher" value="SUN_STANDARD"/>
    <property name="user.country" value="BR"/>
    <property name="sun.boot.library.path" value="C:\jdk-23_windows-x64_bin\jdk-23.0.2\bin"/>
    <property name="sun.java.command" value="C:\Users\CAU~1\AppData\Local\Temp\surefire12268811598138883350\surefirebooter16522324523905653073.jar C:\Users\Cauã\AppData\Local\Temp\surefire12268811598138883350 2025-03-09T13-33-17_633-jvmRun1 surefire10091471600675741971tmp surefire_012801380883521266978tmp"/>
    <property name="jdk.debug" value="release"/>
    <property name="surefire.test.class.path" value="D:\BagleyAI\target\test-classes;D:\BagleyAI\target\classes;C:\Users\Cauã\.m2\repository\org\springframework\boot\spring-boot-starter-web\2.7.10\spring-boot-starter-web-2.7.10.jar;C:\Users\Cauã\.m2\repository\org\springframework\boot\spring-boot-starter\2.7.10\spring-boot-starter-2.7.10.jar;C:\Users\Cauã\.m2\repository\org\springframework\boot\spring-boot\2.7.10\spring-boot-2.7.10.jar;C:\Users\Cauã\.m2\repository\org\springframework\boot\spring-boot-autoconfigure\2.7.10\spring-boot-autoconfigure-2.7.10.jar;C:\Users\Cauã\.m2\repository\org\springframework\boot\spring-boot-starter-logging\2.7.10\spring-boot-starter-logging-2.7.10.jar;C:\Users\Cauã\.m2\repository\ch\qos\logback\logback-classic\1.2.11\logback-classic-1.2.11.jar;C:\Users\Cauã\.m2\repository\ch\qos\logback\logback-core\1.2.11\logback-core-1.2.11.jar;C:\Users\Cauã\.m2\repository\org\apache\logging\log4j\log4j-to-slf4j\2.17.2\log4j-to-slf4j-2.17.2.jar;C:\Users\Cauã\.m2\repository\org\slf4j\jul-to-slf4j\1.7.36\jul-to-slf4j-1.7.36.jar;C:\Users\Cauã\.m2\repository\jakarta\annotation\jakarta.annotation-api\1.3.5\jakarta.annotation-api-1.3.5.jar;C:\Users\Cauã\.m2\repository\org\springframework\spring-core\5.3.26\spring-core-5.3.26.jar;C:\Users\Cauã\.m2\repository\org\springframework\spring-jcl\5.3.26\spring-jcl-5.3.26.jar;C:\Users\Cauã\.m2\repository\org\yaml\snakeyaml\1.30\snakeyaml-1.30.jar;C:\Users\Cauã\.m2\repository\org\springframework\boot\spring-boot-starter-json\2.7.10\spring-boot-starter-json-2.7.10.jar;C:\Users\Cauã\.m2\repository\com\fasterxml\jackson\core\jackson-databind\2.13.5\jackson-databind-2.13.5.jar;C:\Users\Cauã\.m2\repository\com\fasterxml\jackson\core\jackson-annotations\2.13.5\jackson-annotations-2.13.5.jar;C:\Users\Cauã\.m2\repository\com\fasterxml\jackson\core\jackson-core\2.13.5\jackson-core-2.13.5.jar;C:\Users\Cauã\.m2\repository\com\fasterxml\jackson\datatype\jackson-datatype-jdk8\2.13.5\jackson-datatype-jdk8-2.13.5.jar;C:\Users\Cauã\.m2\repository\com\fasterxml\jackson\datatype\jackson-datatype-jsr310\2.13.5\jackson-datatype-jsr310-2.13.5.jar;C:\Users\Cauã\.m2\repository\com\fasterxml\jackson\module\jackson-module-parameter-names\2.13.5\jackson-module-parameter-names-2.13.5.jar;C:\Users\Cauã\.m2\repository\org\springframework\boot\spring-boot-starter-tomcat\2.7.10\spring-boot-starter-tomcat-2.7.10.jar;C:\Users\Cauã\.m2\repository\org\apache\tomcat\embed\tomcat-embed-core\9.0.73\tomcat-embed-core-9.0.73.jar;C:\Users\Cauã\.m2\repository\org\apache\tomcat\embed\tomcat-embed-el\9.0.73\tomcat-embed-el-9.0.73.jar;C:\Users\Cauã\.m2\repository\org\apache\tomcat\embed\tomcat-embed-websocket\9.0.73\tomcat-embed-websocket-9.0.73.jar;C:\Users\Cauã\.m2\repository\org\springframework\spring-web\5.3.26\spring-web-5.3.26.jar;C:\Users\Cauã\.m2\repository\org\springframework\spring-beans\5.3.26\spring-beans-5.3.26.jar;C:\Users\Cauã\.m2\repository\org\springframework\spring-webmvc\5.3.26\spring-webmvc-5.3.26.jar;C:\Users\Cauã\.m2\repository\org\springframework\spring-aop\5.3.26\spring-aop-5.3.26.jar;C:\Users\Cauã\.m2\repository\org\springframework\spring-context\5.3.26\spring-context-5.3.26.jar;C:\Users\Cauã\.m2\repository\org\springframework\spring-expression\5.3.26\spring-expression-5.3.26.jar;C:\Users\Cauã\.m2\repository\org\apache\opennlp\opennlp-tools\1.9.4\opennlp-tools-1.9.4.jar;C:\Users\Cauã\.m2\repository\org\json\json\20210307\json-20210307.jar;C:\Users\Cauã\.m2\repository\org\apache\logging\log4j\log4j-api\2.20.0\log4j-api-2.20.0.jar;C:\Users\Cauã\.m2\repository\org\apache\logging\log4j\log4j-core\2.20.0\log4j-core-2.20.0.jar;C:\Users\Cauã\.m2\repository\jakarta\mail\jakarta.mail-api\2.0.0\jakarta.mail-api-2.0.0.jar;C:\Users\Cauã\.m2\repository\org\apache\httpcomponents\client5\httpclient5\5.2\httpclient5-5.2.jar;C:\Users\Cauã\.m2\repository\org\apache\httpcomponents\core5\httpcore5\5.1.5\httpcore5-5.1.5.jar;C:\Users\Cauã\.m2\repository\org\apache\httpcomponents\core5\httpcore5-h2\5.1.5\httpcore5-h2-5.1.5.jar;C:\Users\Cauã\.m2\repository\org\slf4j\slf4j-api\1.7.36\slf4j-api-1.7.36.jar;C:\Users\Cauã\.m2\repository\com\google\cloud\google-cloud-texttospeech\2.1.2\google-cloud-texttospeech-2.1.2.jar;C:\Users\Cauã\.m2\repository\io\grpc\grpc-api\1.44.0\grpc-api-1.44.0.jar;C:\Users\Cauã\.m2\repository\io\grpc\grpc-context\1.44.0\grpc-context-1.44.0.jar;C:\Users\Cauã\.m2\repository\com\google\code\findbugs\jsr305\3.0.2\jsr305-3.0.2.jar;C:\Users\Cauã\.m2\repository\io\grpc\grpc-stub\1.44.0\grpc-stub-1.44.0.jar;C:\Users\Cauã\.m2\repository\io\grpc\grpc-protobuf\1.44.0\grpc-protobuf-1.44.0.jar;C:\Users\Cauã\.m2\repository\io\grpc\grpc-protobuf-lite\1.44.0\grpc-protobuf-lite-1.44.0.jar;C:\Users\Cauã\.m2\repository\com\google\api\api-common\2.1.3\api-common-2.1.3.jar;C:\Users\Cauã\.m2\repository\javax\annotation\javax.annotation-api\1.3.2\javax.annotation-api-1.3.2.jar;C:\Users\Cauã\.m2\repository\com\google\auto\value\auto-value-annotations\1.9\auto-value-annotations-1.9.jar;C:\Users\Cauã\.m2\repository\com\google\protobuf\protobuf-java\3.19.3\protobuf-java-3.19.3.jar;C:\Users\Cauã\.m2\repository\com\google\api\grpc\proto-google-common-protos\2.7.2\proto-google-common-protos-2.7.2.jar;C:\Users\Cauã\.m2\repository\com\google\api\grpc\proto-google-cloud-texttospeech-v1\2.1.2\proto-google-cloud-texttospeech-v1-2.1.2.jar;C:\Users\Cauã\.m2\repository\com\google\api\grpc\proto-google-cloud-texttospeech-v1beta1\0.90.2\proto-google-cloud-texttospeech-v1beta1-0.90.2.jar;C:\Users\Cauã\.m2\repository\com\google\guava\guava\31.0.1-jre\guava-31.0.1-jre.jar;C:\Users\Cauã\.m2\repository\com\google\guava\failureaccess\1.0.1\failureaccess-1.0.1.jar;C:\Users\Cauã\.m2\repository\com\google\guava\listenablefuture\9999.0-empty-to-avoid-conflict-with-guava\listenablefuture-9999.0-empty-to-avoid-conflict-with-guava.jar;C:\Users\Cauã\.m2\repository\org\checkerframework\checker-qual\3.21.1\checker-qual-3.21.1.jar;C:\Users\Cauã\.m2\repository\com\google\errorprone\error_prone_annotations\2.11.0\error_prone_annotations-2.11.0.jar;C:\Users\Cauã\.m2\repository\com\google\j2objc\j2objc-annotations\1.3\j2objc-annotations-1.3.jar;C:\Users\Cauã\.m2\repository\com\google\api\gax\2.11.0\gax-2.11.0.jar;C:\Users\Cauã\.m2\repository\com\google\auth\google-auth-library-credentials\1.4.0\google-auth-library-credentials-1.4.0.jar;C:\Users\Cauã\.m2\repository\com\google\auth\google-auth-library-oauth2-http\1.4.0\google-auth-library-oauth2-http-1.4.0.jar;C:\Users\Cauã\.m2\repository\com\google\http-client\google-http-client\1.41.2\google-http-client-1.41.2.jar;C:\Users\Cauã\.m2\repository\org\apache\httpcomponents\httpclient\4.5.14\httpclient-4.5.14.jar;C:\Users\Cauã\.m2\repository\commons-logging\commons-logging\1.2\commons-logging-1.2.jar;C:\Users\Cauã\.m2\repository\commons-codec\commons-codec\1.15\commons-codec-1.15.jar;C:\Users\Cauã\.m2\repository\org\apache\httpcomponents\httpcore\4.4.16\httpcore-4.4.16.jar;C:\Users\Cauã\.m2\repository\io\opencensus\opencensus-contrib-http-util\0.31.0\opencensus-contrib-http-util-0.31.0.jar;C:\Users\Cauã\.m2\repository\com\google\http-client\google-http-client-gson\1.41.2\google-http-client-gson-1.41.2.jar;C:\Users\Cauã\.m2\repository\io\opencensus\opencensus-api\0.31.0\opencensus-api-0.31.0.jar;C:\Users\Cauã\.m2\repository\com\google\api\gax-grpc\2.11.0\gax-grpc-2.11.0.jar;C:\Users\Cauã\.m2\repository\io\grpc\grpc-alts\1.44.0\grpc-alts-1.44.0.jar;C:\Users\Cauã\.m2\repository\io\grpc\grpc-grpclb\1.44.0\grpc-grpclb-1.44.0.jar;C:\Users\Cauã\.m2\repository\org\conscrypt\conscrypt-openjdk-uber\2.5.1\conscrypt-openjdk-uber-2.5.1.jar;C:\Users\Cauã\.m2\repository\io\grpc\grpc-auth\1.44.0\grpc-auth-1.44.0.jar;C:\Users\Cauã\.m2\repository\io\grpc\grpc-netty-shaded\1.44.0\grpc-netty-shaded-1.44.0.jar;C:\Users\Cauã\.m2\repository\io\perfmark\perfmark-api\0.23.0\perfmark-api-0.23.0.jar;C:\Users\Cauã\.m2\repository\io\grpc\grpc-core\1.44.0\grpc-core-1.44.0.jar;C:\Users\Cauã\.m2\repository\com\google\android\annotations\4.1.1.4\annotations-4.1.1.4.jar;C:\Users\Cauã\.m2\repository\org\codehaus\mojo\animal-sniffer-annotations\1.20\animal-sniffer-annotations-1.20.jar;C:\Users\Cauã\.m2\repository\io\grpc\grpc-xds\1.44.0\grpc-xds-1.44.0.jar;C:\Users\Cauã\.m2\repository\io\grpc\grpc-services\1.44.0\grpc-services-1.44.0.jar;C:\Users\Cauã\.m2\repository\com\google\code\gson\gson\2.9.1\gson-2.9.1.jar;C:\Users\Cauã\.m2\repository\com\google\re2j\re2j\1.5\re2j-1.5.jar;C:\Users\Cauã\.m2\repository\org\bouncycastle\bcpkix-jdk15on\1.67\bcpkix-jdk15on-1.67.jar;C:\Users\Cauã\.m2\repository\org\bouncycastle\bcprov-jdk15on\1.67\bcprov-jdk15on-1.67.jar;C:\Users\Cauã\.m2\repository\io\opencensus\opencensus-proto\0.2.0\opencensus-proto-0.2.0.jar;C:\Users\Cauã\.m2\repository\com\google\protobuf\protobuf-java-util\3.19.3\protobuf-java-util-3.19.3.jar;C:\Users\Cauã\.m2\repository\org\threeten\threetenbp\1.5.2\threetenbp-1.5.2.jar;C:\Users\Cauã\.m2\repository\junit\junit\4.13.2\junit-4.13.2.jar;C:\Users\Cauã\.m2\repository\org\hamcrest\hamcrest-core\2.2\hamcrest-core-2.2.jar;C:\Users\Cauã\.m2\repository\org\hamcrest\hamcrest\2.2\hamcrest-2.2.jar;"/>
    <property name="sun.cpu.endian" value="little"/>
    <property name="user.home" value="C:\Users\Cauã"/>
    <property name="user.language" value="pt"/>
    <property name="java.specification.vendor" value="Oracle Corporation"/>
    <property name="java.version.date" value="2025-01-21"/>
    <property name="java.home" value="C:\jdk-23_windows-x64_bin\jdk-23.0.2"/>
    <property name="file.separator" value="\"/>
    <property name="basedir" value="D:\BagleyAI"/>
    <property name="java.vm.compressedOopsMode" value="Zero based"/>
    <property name="line.separator" value="&#10;"/>
    <property name="java.vm.specification.vendor" value="Oracle Corporation"/>
    <property name="java.specification.name" value="Java Platform API Specification"/>
    <property name="surefire.real.class.path" value="C:\Users\CAU~1\AppData\Local\Temp\surefire12268811598138883350\surefirebooter16522324523905653073.jar"/>
    <property name="user.script" value=""/>
    <property name="sun.management.compiler" value="HotSpot 64-Bit Tiered Compilers"/>
    <property name="java.runtime.version" value="23.0.2+7-58"/>
    <property name="user.name" value="Cauã"/>
    <property name="stdout.encoding" value="Cp1252"/>
    <property name="path.separator" value=";"/>
    <property name="os.version" value="10.0"/>
    <property name="java.runtime.name" value="Java(TM) SE Runtime Environment"/>
    <property name="file.encoding" value="UTF-8"/>
    <property name="java.vm.name" value="Java HotSpot(TM) 64-Bit Server VM"/>
    <property name="localRepository" value="C:\Users\Cauã\.m2\repository"/>
    <property name="java.vendor.url.bug" value="https://bugreport.java.com/bugreport/"/>
    <property name="java.io.tmpdir" value="C:\Users\CAU~1\AppData\Local\Temp\"/>
    <property name="java.version" value="23.0.2"/>
    <property name="user.dir" value="D:\BagleyAI"/>
    <property name="os.arch" value="amd64"/>
    <property name="java.vm.specification.name" value="Java Virtual Machine Specification"/>
    <property name="user.language.format" value="en"/>
    <property name="sun.os.patch.level" value=""/>
    <property name="native.encoding" value="Cp1252"/>
    <property name="java.library.path" value="C:\jdk-23_windows-x64_bin\jdk-23.0.2\bin;C:\Windows\Sun\Java\bin;C:\Windows\system32;C:\Windows;C:\Windows\system32;C:\Windows;C:\Windows\System32\Wbem;C:\Windows\System32\WindowsPowerShell\v1.0\;C:\Windows\System32\OpenSSH\;C:\Program Files (x86)\NVIDIA Corporation\PhysX\Common;C:\Program Files\nodejs\;C:\Program Files\Git\cmd;C:\jdk-23_windows-x64_bin\jdk-23.0.2\bin;C:\apache-maven-3.9.9-bin\apache-maven-3.9.9\bin;%ANT_HOME%\bin;C:\Users\Cauã\AppData\Local\Microsoft\WindowsApps;C:\Users\Cauã\AppData\Local\Programs\Microsoft VS Code\bin;C:\Users\Cauã\AppData\Roaming\npm;C:\apache-maven-3.9.9-bin\apache-maven-3.9.9\bin;;."/>
    <property name="java.vm.info" value="mixed mode, sharing"/>
    <property name="stderr.encoding" value="Cp1252"/>
    <property name="java.vendor" value="Oracle Corporation"/>
    <property name="java.vm.version" value="23.0.2+7-58"/>
    <property name="sun.io.unicode.encoding" value="UnicodeLittle"/>
    <property name="java.class.version" value="67.0"/>
  </properties>
  <testcase name="testApp" classname="com.bagley.AppTest" time="0.003"/>
</testsuite>